== Sinatra (v2.0.4) has taken the stage on 4567 for development with backup from Thin
2018-10-25 12:44:30 - Net::OpenTimeout - execution expired:
	/home/rreilly/.rvm/rubies/ruby-2.5.1/lib/ruby/2.5.0/net/http.rb:937:in `initialize'
	/home/rreilly/.rvm/rubies/ruby-2.5.1/lib/ruby/2.5.0/net/http.rb:937:in `open'
	/home/rreilly/.rvm/rubies/ruby-2.5.1/lib/ruby/2.5.0/net/http.rb:937:in `block in connect'
	/home/rreilly/.rvm/rubies/ruby-2.5.1/lib/ruby/2.5.0/timeout.rb:103:in `timeout'
	/home/rreilly/.rvm/rubies/ruby-2.5.1/lib/ruby/2.5.0/net/http.rb:935:in `connect'
	/home/rreilly/.rvm/rubies/ruby-2.5.1/lib/ruby/2.5.0/net/http.rb:920:in `do_start'
	/home/rreilly/.rvm/rubies/ruby-2.5.1/lib/ruby/2.5.0/net/http.rb:909:in `start'
	/home/rreilly/.rvm/gems/ruby-2.5.1/gems/chef-api-0.8.0/lib/chef-api/connection.rb:288:in `request'
	/home/rreilly/.rvm/gems/ruby-2.5.1/gems/chef-api-0.8.0/lib/chef-api/connection.rb:108:in `get'
	/home/rreilly/.rvm/gems/ruby-2.5.1/gems/chef-api-0.8.0/lib/chef-api/resources/search.rb:40:in `query'
	main.rb:15:in `block in <main>'
	/home/rreilly/.rvm/gems/ruby-2.5.1/gems/sinatra-2.0.4/lib/sinatra/base.rb:1635:in `call'
	/home/rreilly/.rvm/gems/ruby-2.5.1/gems/sinatra-2.0.4/lib/sinatra/base.rb:1635:in `block in compile!'
	/home/rreilly/.rvm/gems/ruby-2.5.1/gems/sinatra-2.0.4/lib/sinatra/base.rb:992:in `block (3 levels) in route!'
	/home/rreilly/.rvm/gems/ruby-2.5.1/gems/sinatra-2.0.4/lib/sinatra/base.rb:1011:in `route_eval'
	/home/rreilly/.rvm/gems/ruby-2.5.1/gems/sinatra-2.0.4/lib/sinatra/base.rb:992:in `block (2 levels) in route!'
	/home/rreilly/.rvm/gems/ruby-2.5.1/gems/sinatra-2.0.4/lib/sinatra/base.rb:1040:in `block in process_route'
	/home/rreilly/.rvm/gems/ruby-2.5.1/gems/sinatra-2.0.4/lib/sinatra/base.rb:1038:in `catch'
	/home/rreilly/.rvm/gems/ruby-2.5.1/gems/sinatra-2.0.4/lib/sinatra/base.rb:1038:in `process_route'
	/home/rreilly/.rvm/gems/ruby-2.5.1/gems/sinatra-2.0.4/lib/sinatra/base.rb:990:in `block in route!'
	/home/rreilly/.rvm/gems/ruby-2.5.1/gems/sinatra-2.0.4/lib/sinatra/base.rb:989:in `each'
	/home/rreilly/.rvm/gems/ruby-2.5.1/gems/sinatra-2.0.4/lib/sinatra/base.rb:989:in `route!'
	/home/rreilly/.rvm/gems/ruby-2.5.1/gems/sinatra-2.0.4/lib/sinatra/base.rb:1097:in `block in dispatch!'
	/home/rreilly/.rvm/gems/ruby-2.5.1/gems/sinatra-2.0.4/lib/sinatra/base.rb:1076:in `block in invoke'
	/home/rreilly/.rvm/gems/ruby-2.5.1/gems/sinatra-2.0.4/lib/sinatra/base.rb:1076:in `catch'
	/home/rreilly/.rvm/gems/ruby-2.5.1/gems/sinatra-2.0.4/lib/sinatra/base.rb:1076:in `invoke'
	/home/rreilly/.rvm/gems/ruby-2.5.1/gems/sinatra-2.0.4/lib/sinatra/base.rb:1094:in `dispatch!'
	/home/rreilly/.rvm/gems/ruby-2.5.1/gems/sinatra-2.0.4/lib/sinatra/base.rb:924:in `block in call!'
	/home/rreilly/.rvm/gems/ruby-2.5.1/gems/sinatra-2.0.4/lib/sinatra/base.rb:1076:in `block in invoke'
	/home/rreilly/.rvm/gems/ruby-2.5.1/gems/sinatra-2.0.4/lib/sinatra/base.rb:1076:in `catch'
	/home/rreilly/.rvm/gems/ruby-2.5.1/gems/sinatra-2.0.4/lib/sinatra/base.rb:1076:in `invoke'
	/home/rreilly/.rvm/gems/ruby-2.5.1/gems/sinatra-2.0.4/lib/sinatra/base.rb:924:in `call!'
	/home/rreilly/.rvm/gems/ruby-2.5.1/gems/sinatra-2.0.4/lib/sinatra/base.rb:913:in `call'
	/home/rreilly/.rvm/gems/ruby-2.5.1/gems/rack-protection-2.0.4/lib/rack/protection/xss_header.rb:18:in `call'
	/home/rreilly/.rvm/gems/ruby-2.5.1/gems/rack-protection-2.0.4/lib/rack/protection/path_traversal.rb:16:in `call'
	/home/rreilly/.rvm/gems/ruby-2.5.1/gems/rack-protection-2.0.4/lib/rack/protection/json_csrf.rb:26:in `call'
	/home/rreilly/.rvm/gems/ruby-2.5.1/gems/rack-protection-2.0.4/lib/rack/protection/base.rb:50:in `call'
	/home/rreilly/.rvm/gems/ruby-2.5.1/gems/rack-protection-2.0.4/lib/rack/protection/base.rb:50:in `call'
	/home/rreilly/.rvm/gems/ruby-2.5.1/gems/rack-protection-2.0.4/lib/rack/protection/frame_options.rb:31:in `call'
	/home/rreilly/.rvm/gems/ruby-2.5.1/gems/rack-2.0.5/lib/rack/logger.rb:15:in `call'
	/home/rreilly/.rvm/gems/ruby-2.5.1/gems/rack-2.0.5/lib/rack/common_logger.rb:33:in `call'
	/home/rreilly/.rvm/gems/ruby-2.5.1/gems/sinatra-2.0.4/lib/sinatra/base.rb:231:in `call'
	/home/rreilly/.rvm/gems/ruby-2.5.1/gems/sinatra-2.0.4/lib/sinatra/base.rb:224:in `call'
	/home/rreilly/.rvm/gems/ruby-2.5.1/gems/rack-2.0.5/lib/rack/head.rb:12:in `call'
	/home/rreilly/.rvm/gems/ruby-2.5.1/gems/rack-2.0.5/lib/rack/method_override.rb:22:in `call'
	/home/rreilly/.rvm/gems/ruby-2.5.1/gems/sinatra-2.0.4/lib/sinatra/show_exceptions.rb:22:in `call'
	/home/rreilly/.rvm/gems/ruby-2.5.1/gems/sinatra-2.0.4/lib/sinatra/base.rb:194:in `call'
	/home/rreilly/.rvm/gems/ruby-2.5.1/gems/sinatra-2.0.4/lib/sinatra/base.rb:1957:in `call'
	/home/rreilly/.rvm/gems/ruby-2.5.1/gems/sinatra-2.0.4/lib/sinatra/base.rb:1502:in `block in call'
	/home/rreilly/.rvm/gems/ruby-2.5.1/gems/sinatra-2.0.4/lib/sinatra/base.rb:1729:in `synchronize'
	/home/rreilly/.rvm/gems/ruby-2.5.1/gems/sinatra-2.0.4/lib/sinatra/base.rb:1502:in `call'
	/home/rreilly/.rvm/gems/ruby-2.5.1/gems/thin-1.7.2/lib/thin/connection.rb:86:in `block in pre_process'
	/home/rreilly/.rvm/gems/ruby-2.5.1/gems/thin-1.7.2/lib/thin/connection.rb:84:in `catch'
	/home/rreilly/.rvm/gems/ruby-2.5.1/gems/thin-1.7.2/lib/thin/connection.rb:84:in `pre_process'
	/home/rreilly/.rvm/gems/ruby-2.5.1/gems/thin-1.7.2/lib/thin/connection.rb:50:in `block in process'
	/home/rreilly/.rvm/gems/ruby-2.5.1/gems/eventmachine-1.2.7/lib/eventmachine.rb:1077:in `block in spawn_threadpool'
2018-10-25 12:45:00 - Net::OpenTimeout - execution expired:
	/home/rreilly/.rvm/rubies/ruby-2.5.1/lib/ruby/2.5.0/net/http.rb:937:in `initialize'
	/home/rreilly/.rvm/rubies/ruby-2.5.1/lib/ruby/2.5.0/net/http.rb:937:in `open'
	/home/rreilly/.rvm/rubies/ruby-2.5.1/lib/ruby/2.5.0/net/http.rb:937:in `block in connect'
	/home/rreilly/.rvm/rubies/ruby-2.5.1/lib/ruby/2.5.0/timeout.rb:103:in `timeout'
	/home/rreilly/.rvm/rubies/ruby-2.5.1/lib/ruby/2.5.0/net/http.rb:935:in `connect'
	/home/rreilly/.rvm/rubies/ruby-2.5.1/lib/ruby/2.5.0/net/http.rb:920:in `do_start'
	/home/rreilly/.rvm/rubies/ruby-2.5.1/lib/ruby/2.5.0/net/http.rb:909:in `start'
	/home/rreilly/.rvm/gems/ruby-2.5.1/gems/chef-api-0.8.0/lib/chef-api/connection.rb:288:in `request'
	/home/rreilly/.rvm/gems/ruby-2.5.1/gems/chef-api-0.8.0/lib/chef-api/connection.rb:108:in `get'
	/home/rreilly/.rvm/gems/ruby-2.5.1/gems/chef-api-0.8.0/lib/chef-api/resources/search.rb:40:in `query'
	main.rb:15:in `block in <main>'
	/home/rreilly/.rvm/gems/ruby-2.5.1/gems/sinatra-2.0.4/lib/sinatra/base.rb:1635:in `call'
	/home/rreilly/.rvm/gems/ruby-2.5.1/gems/sinatra-2.0.4/lib/sinatra/base.rb:1635:in `block in compile!'
	/home/rreilly/.rvm/gems/ruby-2.5.1/gems/sinatra-2.0.4/lib/sinatra/base.rb:992:in `block (3 levels) in route!'
	/home/rreilly/.rvm/gems/ruby-2.5.1/gems/sinatra-2.0.4/lib/sinatra/base.rb:1011:in `route_eval'
	/home/rreilly/.rvm/gems/ruby-2.5.1/gems/sinatra-2.0.4/lib/sinatra/base.rb:992:in `block (2 levels) in route!'
	/home/rreilly/.rvm/gems/ruby-2.5.1/gems/sinatra-2.0.4/lib/sinatra/base.rb:1040:in `block in process_route'
	/home/rreilly/.rvm/gems/ruby-2.5.1/gems/sinatra-2.0.4/lib/sinatra/base.rb:1038:in `catch'
	/home/rreilly/.rvm/gems/ruby-2.5.1/gems/sinatra-2.0.4/lib/sinatra/base.rb:1038:in `process_route'
	/home/rreilly/.rvm/gems/ruby-2.5.1/gems/sinatra-2.0.4/lib/sinatra/base.rb:990:in `block in route!'
	/home/rreilly/.rvm/gems/ruby-2.5.1/gems/sinatra-2.0.4/lib/sinatra/base.rb:989:in `each'
	/home/rreilly/.rvm/gems/ruby-2.5.1/gems/sinatra-2.0.4/lib/sinatra/base.rb:989:in `route!'
	/home/rreilly/.rvm/gems/ruby-2.5.1/gems/sinatra-2.0.4/lib/sinatra/base.rb:1097:in `block in dispatch!'
	/home/rreilly/.rvm/gems/ruby-2.5.1/gems/sinatra-2.0.4/lib/sinatra/base.rb:1076:in `block in invoke'
	/home/rreilly/.rvm/gems/ruby-2.5.1/gems/sinatra-2.0.4/lib/sinatra/base.rb:1076:in `catch'
	/home/rreilly/.rvm/gems/ruby-2.5.1/gems/sinatra-2.0.4/lib/sinatra/base.rb:1076:in `invoke'
	/home/rreilly/.rvm/gems/ruby-2.5.1/gems/sinatra-2.0.4/lib/sinatra/base.rb:1094:in `dispatch!'
	/home/rreilly/.rvm/gems/ruby-2.5.1/gems/sinatra-2.0.4/lib/sinatra/base.rb:924:in `block in call!'
	/home/rreilly/.rvm/gems/ruby-2.5.1/gems/sinatra-2.0.4/lib/sinatra/base.rb:1076:in `block in invoke'
	/home/rreilly/.rvm/gems/ruby-2.5.1/gems/sinatra-2.0.4/lib/sinatra/base.rb:1076:in `catch'
	/home/rreilly/.rvm/gems/ruby-2.5.1/gems/sinatra-2.0.4/lib/sinatra/base.rb:1076:in `invoke'
	/home/rreilly/.rvm/gems/ruby-2.5.1/gems/sinatra-2.0.4/lib/sinatra/base.rb:924:in `call!'
	/home/rreilly/.rvm/gems/ruby-2.5.1/gems/sinatra-2.0.4/lib/sinatra/base.rb:913:in `call'
	/home/rreilly/.rvm/gems/ruby-2.5.1/gems/rack-protection-2.0.4/lib/rack/protection/xss_header.rb:18:in `call'
	/home/rreilly/.rvm/gems/ruby-2.5.1/gems/rack-protection-2.0.4/lib/rack/protection/path_traversal.rb:16:in `call'
	/home/rreilly/.rvm/gems/ruby-2.5.1/gems/rack-protection-2.0.4/lib/rack/protection/json_csrf.rb:26:in `call'
	/home/rreilly/.rvm/gems/ruby-2.5.1/gems/rack-protection-2.0.4/lib/rack/protection/base.rb:50:in `call'
	/home/rreilly/.rvm/gems/ruby-2.5.1/gems/rack-protection-2.0.4/lib/rack/protection/base.rb:50:in `call'
	/home/rreilly/.rvm/gems/ruby-2.5.1/gems/rack-protection-2.0.4/lib/rack/protection/frame_options.rb:31:in `call'
	/home/rreilly/.rvm/gems/ruby-2.5.1/gems/rack-2.0.5/lib/rack/logger.rb:15:in `call'
	/home/rreilly/.rvm/gems/ruby-2.5.1/gems/rack-2.0.5/lib/rack/common_logger.rb:33:in `call'
	/home/rreilly/.rvm/gems/ruby-2.5.1/gems/sinatra-2.0.4/lib/sinatra/base.rb:231:in `call'
	/home/rreilly/.rvm/gems/ruby-2.5.1/gems/sinatra-2.0.4/lib/sinatra/base.rb:224:in `call'
	/home/rreilly/.rvm/gems/ruby-2.5.1/gems/rack-2.0.5/lib/rack/head.rb:12:in `call'
	/home/rreilly/.rvm/gems/ruby-2.5.1/gems/rack-2.0.5/lib/rack/method_override.rb:22:in `call'
	/home/rreilly/.rvm/gems/ruby-2.5.1/gems/sinatra-2.0.4/lib/sinatra/show_exceptions.rb:22:in `call'
	/home/rreilly/.rvm/gems/ruby-2.5.1/gems/sinatra-2.0.4/lib/sinatra/base.rb:194:in `call'
	/home/rreilly/.rvm/gems/ruby-2.5.1/gems/sinatra-2.0.4/lib/sinatra/base.rb:1957:in `call'
	/home/rreilly/.rvm/gems/ruby-2.5.1/gems/sinatra-2.0.4/lib/sinatra/base.rb:1502:in `block in call'
	/home/rreilly/.rvm/gems/ruby-2.5.1/gems/sinatra-2.0.4/lib/sinatra/base.rb:1729:in `synchronize'
	/home/rreilly/.rvm/gems/ruby-2.5.1/gems/sinatra-2.0.4/lib/sinatra/base.rb:1502:in `call'
	/home/rreilly/.rvm/gems/ruby-2.5.1/gems/thin-1.7.2/lib/thin/connection.rb:86:in `block in pre_process'
	/home/rreilly/.rvm/gems/ruby-2.5.1/gems/thin-1.7.2/lib/thin/connection.rb:84:in `catch'
	/home/rreilly/.rvm/gems/ruby-2.5.1/gems/thin-1.7.2/lib/thin/connection.rb:84:in `pre_process'
	/home/rreilly/.rvm/gems/ruby-2.5.1/gems/thin-1.7.2/lib/thin/connection.rb:50:in `block in process'
	/home/rreilly/.rvm/gems/ruby-2.5.1/gems/eventmachine-1.2.7/lib/eventmachine.rb:1077:in `block in spawn_threadpool'
== Sinatra (v2.0.4) has taken the stage on 4567 for development with backup from Thin
== Sinatra has ended his set (crowd applauds)
/home/rreilly/.rvm/gems/ruby-2.5.1/gems/eventmachine-1.2.7/lib/eventmachine.rb:531:in `start_tcp_server': no acceptor (port is in use or requires root privileges) (RuntimeError)
	from /home/rreilly/.rvm/gems/ruby-2.5.1/gems/eventmachine-1.2.7/lib/eventmachine.rb:531:in `start_server'
	from /home/rreilly/.rvm/gems/ruby-2.5.1/gems/thin-1.7.2/lib/thin/backends/tcp_server.rb:16:in `connect'
	from /home/rreilly/.rvm/gems/ruby-2.5.1/gems/thin-1.7.2/lib/thin/backends/base.rb:63:in `block in start'
	from /home/rreilly/.rvm/gems/ruby-2.5.1/gems/eventmachine-1.2.7/lib/eventmachine.rb:195:in `run_machine'
	from /home/rreilly/.rvm/gems/ruby-2.5.1/gems/eventmachine-1.2.7/lib/eventmachine.rb:195:in `run'
	from /home/rreilly/.rvm/gems/ruby-2.5.1/gems/thin-1.7.2/lib/thin/backends/base.rb:73:in `start'
	from /home/rreilly/.rvm/gems/ruby-2.5.1/gems/thin-1.7.2/lib/thin/server.rb:162:in `start'
	from /home/rreilly/.rvm/gems/ruby-2.5.1/gems/rack-2.0.5/lib/rack/handler/thin.rb:22:in `run'
	from /home/rreilly/.rvm/gems/ruby-2.5.1/gems/sinatra-2.0.4/lib/sinatra/base.rb:1525:in `start_server'
	from /home/rreilly/.rvm/gems/ruby-2.5.1/gems/sinatra-2.0.4/lib/sinatra/base.rb:1459:in `run!'
	from /home/rreilly/.rvm/gems/ruby-2.5.1/gems/sinatra-2.0.4/lib/sinatra/main.rb:26:in `block in <module:Sinatra>'
Thin web server (v1.7.2 codename Bachmanity)
Maximum connections set to 1024
Listening on localhost:4567, CTRL+C to stop
Stopping ...
== Sinatra has ended his set (crowd applauds)
Thin web server (v1.7.2 codename Bachmanity)
Maximum connections set to 1024
Listening on localhost:4567, CTRL+C to stop
-blue
W: Disabling SSL verification...
W: Neither ChefAPI nor the maintainers are responsible for damages incurred as a result of disabling SSL verification. Please use this with extreme caution, or consider specifying a custom certificate using `config.ssl_pem_file'.
-blue
W: Disabling SSL verification...
W: Neither ChefAPI nor the maintainers are responsible for damages incurred as a result of disabling SSL verification. Please use this with extreme caution, or consider specifying a custom certificate using `config.ssl_pem_file'.
Stopping ...
Stopping ...
== Sinatra (v2.0.4) has taken the stage on 4567 for development with backup from Thin
127.0.0.1 - - [31/Oct/2018:10:42:23 -0400] "GET /red HTTP/1.1" 200 613 0.6829
127.0.0.1 - - [31/Oct/2018:10:42:24 -0400] "GET /red HTTP/1.1" 200 613 0.3107
